TN:
SF:src\components\app\AppHeader.tsx
FN:3,AppHeader
FNF:1
FNH:1
FNDA:7,AppHeader
DA:4,7
LF:1
LH:1
BRF:0
BRH:0
end_of_record
TN:
SF:src\components\app\AppLayout.tsx
FN:8,AppLayout
FNF:1
FNH:1
FNDA:3,AppLayout
DA:9,3
LF:1
LH:1
BRF:0
BRH:0
end_of_record
TN:
SF:src\components\app\Sidebar.tsx
FN:55,NavLeaf
FN:78,NavGroup
FN:84,(anonymous_2)
FN:84,(anonymous_3)
FN:96,(anonymous_4)
FN:105,Sidebar
FN:109,(anonymous_6)
FNF:7
FNH:7
FNDA:72,NavLeaf
FNDA:23,NavGroup
FNDA:3,(anonymous_2)
FNDA:3,(anonymous_3)
FNDA:42,(anonymous_4)
FNDA:10,Sidebar
FNDA:50,(anonymous_6)
DA:21,2
DA:56,72
DA:57,72
DA:79,23
DA:81,23
DA:84,3
DA:97,42
DA:106,10
DA:110,50
LF:9
LH:9
BRDA:55,0,0,72
BRDA:56,1,0,0
BRDA:56,1,1,72
BRDA:63,2,0,30
BRDA:63,2,1,42
BRDA:69,3,0,72
BRDA:69,3,1,30
BRDA:70,4,0,72
BRDA:70,4,1,42
BRDA:89,5,0,21
BRDA:89,5,1,2
BRDA:94,6,0,23
BRDA:94,6,1,21
BRDA:94,6,2,21
BRDA:110,7,0,20
BRDA:110,7,1,30
BRF:16
BRH:15
end_of_record
TN:
SF:src\components\system-parameters\DeleteConfirmDialog.tsx
FN:23,DeleteConfirmDialog
FN:31,(anonymous_1)
FN:54,(anonymous_2)
FNF:3
FNH:3
FNDA:58,DeleteConfirmDialog
FNDA:5,(anonymous_1)
FNDA:1,(anonymous_2)
DA:29,58
DA:31,58
DA:32,5
DA:33,5
DA:34,5
DA:35,2
DA:36,2
DA:38,3
DA:39,1
DA:44,2
DA:45,1
DA:47,1
DA:49,3
DA:53,58
DA:54,1
LF:15
LH:15
BRDA:32,0,0,0
BRDA:32,0,1,5
BRDA:38,1,0,1
BRDA:38,1,1,2
BRDA:38,2,0,3
BRDA:38,2,1,2
BRDA:44,3,0,1
BRDA:44,3,1,1
BRDA:54,4,0,1
BRDA:54,4,1,0
BRDA:71,5,0,58
BRDA:71,5,1,0
BRF:12
BRH:9
end_of_record
TN:
SF:src\components\system-parameters\ParamTypeBadge.tsx
FN:5,inferParamType
FN:23,ParamTypeBadge
FNF:2
FNH:2
FNDA:89,inferParamType
FNDA:73,ParamTypeBadge
DA:6,89
DA:7,89
DA:8,83
DA:9,5
DA:12,2
DA:24,73
DA:25,73
LF:7
LH:7
BRDA:7,0,0,6
BRDA:7,0,1,83
BRDA:8,1,0,78
BRDA:8,1,1,5
BRDA:8,2,0,83
BRDA:8,2,1,81
BRF:6
BRH:6
end_of_record
TN:
SF:src\components\system-parameters\SystemParameterFormModal.tsx
FN:42,SystemParameterFormModal
FN:65,(anonymous_1)
FN:82,(anonymous_2)
FN:88,(anonymous_3)
FN:94,(anonymous_4)
FN:128,(anonymous_5)
FNF:6
FNH:6
FNDA:216,SystemParameterFormModal
FNDA:74,(anonymous_1)
FNDA:7,(anonymous_2)
FNDA:1,(anonymous_3)
FNDA:8,(anonymous_4)
FNDA:1,(anonymous_5)
DA:21,2
DA:56,216
DA:61,216
DA:62,216
DA:63,216
DA:65,216
DA:66,74
DA:67,23
DA:68,7
DA:75,16
DA:80,216
DA:82,216
DA:83,7
DA:88,216
DA:89,1
DA:90,1
DA:91,1
DA:94,216
DA:95,8
DA:96,8
DA:97,6
DA:98,2
DA:100,2
DA:101,2
DA:103,4
DA:105,4
DA:106,3
DA:107,2
DA:108,1
DA:114,1
DA:117,1
DA:120,1
DA:125,216
DA:127,216
DA:128,1
LF:35
LH:35
BRDA:63,0,0,216
BRDA:63,0,1,211
BRDA:66,1,0,23
BRDA:66,1,1,51
BRDA:67,2,0,7
BRDA:67,2,1,16
BRDA:67,3,0,23
BRDA:67,3,1,7
BRDA:69,4,0,7
BRDA:69,4,1,0
BRDA:72,5,0,7
BRDA:72,5,1,0
BRDA:96,6,0,6
BRDA:96,6,1,2
BRDA:105,7,0,3
BRDA:105,7,1,1
BRDA:106,8,0,2
BRDA:106,8,1,1
BRDA:107,9,0,1
BRDA:107,9,1,1
BRDA:125,10,0,130
BRDA:125,10,1,86
BRDA:128,11,0,1
BRDA:128,11,1,0
BRDA:145,12,0,216
BRDA:145,12,1,1
BRDA:165,13,0,216
BRDA:165,13,1,1
BRDA:180,14,0,216
BRDA:180,14,1,1
BRDA:201,15,0,216
BRDA:201,15,1,6
BRF:32
BRH:29
end_of_record
TN:
SF:src\hooks\useDebounce.ts
FN:3,useDebounce
FN:5,(anonymous_1)
FN:6,(anonymous_2)
FN:7,(anonymous_3)
FNF:4
FNH:4
FNDA:57,useDebounce
FNDA:34,(anonymous_1)
FNDA:3,(anonymous_2)
FNDA:34,(anonymous_3)
DA:4,57
DA:5,57
DA:6,34
DA:7,34
DA:9,57
LF:5
LH:5
BRF:0
BRH:0
end_of_record
TN:
SF:src\hooks\useSystemParameters.ts
FN:14,(anonymous_0)
FN:15,(anonymous_1)
FN:16,(anonymous_2)
FN:19,useSystemParameterList
FN:22,(anonymous_4)
FN:26,useSystemParameterDetail
FN:29,(anonymous_6)
FN:34,useCheckInUse
FN:37,(anonymous_8)
FN:44,useCreateSystemParameter
FN:47,(anonymous_10)
FN:48,(anonymous_11)
FN:51,(anonymous_12)
FN:57,useUpdateSystemParameter
FN:60,(anonymous_14)
FN:62,(anonymous_15)
FN:66,(anonymous_16)
FN:72,useDeleteSystemParameter
FN:75,(anonymous_18)
FN:76,(anonymous_19)
FN:79,(anonymous_20)
FNF:21
FNH:21
FNDA:4,(anonymous_0)
FNDA:5,(anonymous_1)
FNDA:3,(anonymous_2)
FNDA:4,useSystemParameterList
FNDA:2,(anonymous_4)
FNDA:3,useSystemParameterDetail
FNDA:1,(anonymous_6)
FNDA:3,useCheckInUse
FNDA:1,(anonymous_8)
FNDA:72,useCreateSystemParameter
FNDA:7,(anonymous_10)
FNDA:2,(anonymous_11)
FNDA:5,(anonymous_12)
FNDA:72,useUpdateSystemParameter
FNDA:3,(anonymous_14)
FNDA:2,(anonymous_15)
FNDA:1,(anonymous_16)
FNDA:16,useDeleteSystemParameter
FNDA:6,(anonymous_18)
FNDA:2,(anonymous_19)
FNDA:4,(anonymous_20)
DA:13,3
DA:14,4
DA:15,5
DA:16,3
DA:20,4
DA:22,2
DA:27,3
DA:29,1
DA:35,3
DA:37,1
DA:45,72
DA:46,72
DA:47,7
DA:49,2
DA:52,5
DA:58,72
DA:59,72
DA:60,3
DA:63,2
DA:64,2
DA:67,1
DA:73,16
DA:74,16
DA:75,6
DA:77,2
DA:80,4
LF:26
LH:26
BRDA:36,0,0,3
BRDA:36,0,1,1
BRDA:52,1,0,4
BRDA:52,1,1,1
BRDA:67,2,0,1
BRDA:67,2,1,0
BRDA:80,3,0,3
BRDA:80,3,1,1
BRF:8
BRH:7
end_of_record
TN:
SF:src\lib\utils.ts
FN:4,cn
FNF:1
FNH:1
FNDA:3715,cn
DA:5,3715
LF:1
LH:1
BRF:0
BRH:0
end_of_record
TN:
SF:src\lib\api\auth.ts
FN:4,login
FN:11,logout
FNF:2
FNH:2
FNDA:2,login
FNDA:2,logout
DA:5,2
DA:12,2
LF:2
LH:2
BRF:0
BRH:0
end_of_record
TN:
SF:src\lib\api\client.ts
FN:4,constructor
FN:13,getHeaders
FN:21,apiFetch
FN:30,(anonymous_3)
FNF:4
FNH:4
FNDA:12,constructor
FNDA:7,getHeaders
FNDA:7,apiFetch
FNDA:1,(anonymous_3)
DA:1,5
DA:5,12
DA:8,12
DA:9,12
DA:14,7
DA:15,7
DA:25,7
DA:30,7
DA:32,7
DA:33,3
DA:36,4
LF:11
LH:11
BRDA:1,0,0,5
BRDA:1,0,1,0
BRDA:17,1,0,1
BRDA:17,1,1,6
BRDA:23,2,0,7
BRDA:32,3,0,3
BRDA:32,3,1,4
BRDA:33,4,0,3
BRDA:33,4,1,0
BRF:9
BRH:7
end_of_record
TN:
SF:src\lib\api\system-parameters.ts
FN:12,listSystemParameters
FN:22,getSystemParameter
FN:26,createSystemParameter
FN:33,updateSystemParameter
FN:40,deleteSystemParameter
FN:44,checkInUse
FNF:6
FNH:6
FNDA:4,listSystemParameters
FNDA:1,getSystemParameter
FNDA:1,createSystemParameter
FNDA:1,updateSystemParameter
FNDA:1,deleteSystemParameter
FNDA:1,checkInUse
DA:10,1
DA:13,4
DA:14,4
DA:15,4
DA:16,4
DA:17,4
DA:18,4
DA:19,4
DA:23,1
DA:27,1
DA:34,1
DA:41,1
DA:45,1
LF:13
LH:13
BRDA:12,0,0,4
BRDA:14,1,0,2
BRDA:14,1,1,2
BRDA:15,2,0,2
BRDA:15,2,1,2
BRDA:16,3,0,2
BRDA:16,3,1,2
BRDA:18,4,0,3
BRDA:18,4,1,1
BRF:9
BRH:9
end_of_record
TN:
SF:src\pages\HomePage.tsx
FN:1,HomePage
FNF:1
FNH:1
FNDA:2,HomePage
DA:2,2
LF:1
LH:1
BRF:0
BRH:0
end_of_record
TN:
SF:src\pages\LoginPage.tsx
FN:21,LoginPage
FN:34,(anonymous_1)
FN:35,(anonymous_2)
FN:39,(anonymous_3)
FN:48,onSubmit
FNF:5
FNH:4
FNDA:21,LoginPage
FNDA:2,(anonymous_1)
FNDA:2,(anonymous_2)
FNDA:0,(anonymous_3)
FNDA:2,onSubmit
DA:14,1
DA:22,21
DA:23,21
DA:29,21
DA:33,21
DA:34,2
DA:36,2
DA:37,2
DA:40,0
DA:49,2
DA:52,21
LF:11
LH:10
BRDA:74,0,0,21
BRDA:74,0,1,1
BRDA:88,1,0,21
BRDA:88,1,1,1
BRDA:98,2,0,21
BRDA:98,2,1,4
BRF:6
BRH:6
end_of_record
TN:
SF:src\pages\SystemParametersPage.tsx
FN:42,SystemParametersPage
FN:64,(anonymous_1)
FN:66,(anonymous_2)
FN:71,(anonymous_3)
FN:76,(anonymous_4)
FN:81,(anonymous_5)
FN:84,(anonymous_6)
FN:88,(anonymous_7)
FN:90,(anonymous_8)
FN:92,(anonymous_9)
FN:125,(anonymous_10)
FN:135,(anonymous_11)
FN:159,(anonymous_12)
FN:168,(anonymous_13)
FN:180,(anonymous_14)
FN:216,(anonymous_15)
FN:226,(anonymous_16)
FN:262,(anonymous_17)
FN:278,(anonymous_18)
FN:278,(anonymous_19)
FN:283,(anonymous_20)
FN:292,(anonymous_21)
FN:303,(anonymous_22)
FN:303,(anonymous_23)
FN:315,(anonymous_24)
FN:316,(anonymous_25)
FN:323,(anonymous_26)
FN:324,(anonymous_27)
FN:330,(anonymous_28)
FNF:29
FNH:25
FNDA:44,SystemParametersPage
FNDA:0,(anonymous_1)
FNDA:1,(anonymous_2)
FNDA:0,(anonymous_3)
FNDA:0,(anonymous_4)
FNDA:1,(anonymous_5)
FNDA:0,(anonymous_6)
FNDA:44,(anonymous_7)
FNDA:5,(anonymous_8)
FNDA:20,(anonymous_9)
FNDA:1,(anonymous_10)
FNDA:73,(anonymous_11)
FNDA:3,(anonymous_12)
FNDA:3,(anonymous_13)
FNDA:55,(anonymous_14)
FNDA:176,(anonymous_15)
FNDA:3,(anonymous_16)
FNDA:132,(anonymous_17)
FNDA:1,(anonymous_18)
FNDA:1,(anonymous_19)
FNDA:55,(anonymous_20)
FNDA:1,(anonymous_21)
FNDA:2,(anonymous_22)
FNDA:2,(anonymous_23)
FNDA:1,(anonymous_24)
FNDA:1,(anonymous_25)
FNDA:1,(anonymous_26)
FNDA:1,(anonymous_27)
FNDA:1,(anonymous_28)
DA:30,1
DA:31,1
DA:32,1
DA:33,1
DA:43,44
DA:44,44
DA:45,44
DA:46,44
DA:47,44
DA:49,44
DA:50,44
DA:51,44
DA:53,44
DA:59,44
DA:60,44
DA:61,44
DA:64,44
DA:66,44
DA:67,1
DA:68,1
DA:71,44
DA:72,0
DA:73,0
DA:76,44
DA:77,0
DA:78,0
DA:81,44
DA:82,1
DA:83,1
DA:84,0
DA:88,44
DA:89,44
DA:90,1
DA:91,5
DA:93,20
DA:100,43
DA:101,1
DA:111,42
DA:112,5
DA:125,1
DA:135,37
DA:136,73
DA:159,3
DA:168,3
DA:179,44
DA:180,55
DA:182,44
DA:217,176
DA:226,3
DA:263,132
DA:278,1
DA:284,55
DA:292,1
DA:303,2
DA:315,1
DA:316,1
DA:323,1
DA:324,1
DA:330,1
LF:59
LH:54
BRDA:54,0,0,44
BRDA:54,0,1,44
BRDA:59,1,0,44
BRDA:59,1,1,2
BRDA:60,2,0,44
BRDA:60,2,1,2
BRDA:61,3,0,44
BRDA:61,3,1,2
BRDA:64,4,0,44
BRDA:64,4,1,0
BRDA:83,5,0,0
BRDA:83,5,1,1
BRDA:83,6,0,1
BRDA:83,6,1,0
BRDA:89,7,0,1
BRDA:89,7,1,43
BRDA:100,8,0,1
BRDA:100,8,1,42
BRDA:111,9,0,5
BRDA:111,9,1,37
BRDA:116,10,0,1
BRDA:116,10,1,4
BRDA:116,11,0,5
BRDA:116,11,1,4
BRDA:145,12,0,36
BRDA:145,12,1,37
BRDA:279,13,0,44
BRDA:279,13,1,3
BRDA:290,14,0,55
BRDA:290,14,1,39
BRDA:304,15,0,44
BRDA:304,15,1,8
BRDA:322,16,0,44
BRDA:322,16,1,41
BRF:34
BRH:31
end_of_record
